make[1]: Entering directory '/mnt/sda5/project/linux-5.13.9/out_krn'
  GEN     Makefile
  WRAP    arch/x86/include/generated/uapi/asm/bpf_perf_event.h
  WRAP    arch/x86/include/generated/uapi/asm/errno.h
  WRAP    arch/x86/include/generated/uapi/asm/fcntl.h
  WRAP    arch/x86/include/generated/uapi/asm/ioctl.h
  WRAP    arch/x86/include/generated/uapi/asm/ioctls.h
  WRAP    arch/x86/include/generated/uapi/asm/ipcbuf.h
  WRAP    arch/x86/include/generated/uapi/asm/param.h
  WRAP    arch/x86/include/generated/uapi/asm/poll.h
  WRAP    arch/x86/include/generated/uapi/asm/socket.h
  WRAP    arch/x86/include/generated/uapi/asm/sockios.h
  WRAP    arch/x86/include/generated/uapi/asm/resource.h
  WRAP    arch/x86/include/generated/uapi/asm/termbits.h
  WRAP    arch/x86/include/generated/uapi/asm/termios.h
  WRAP    arch/x86/include/generated/uapi/asm/types.h
  SYSHDR  arch/x86/include/generated/uapi/asm/unistd_32.h
  SYSHDR  arch/x86/include/generated/uapi/asm/unistd_64.h
  SYSTBL  arch/x86/include/generated/asm/syscalls_32.h
  SYSHDR  arch/x86/include/generated/uapi/asm/unistd_x32.h
  SYSHDR  arch/x86/include/generated/asm/unistd_64_x32.h
  SYSHDR  arch/x86/include/generated/asm/unistd_32_ia32.h
  SYSTBL  arch/x86/include/generated/asm/syscalls_64.h
  HOSTCC  arch/x86/tools/relocs_32.o
  HOSTCC  arch/x86/tools/relocs_64.o
  HOSTCC  arch/x86/tools/relocs_common.o
  UPD     include/generated/uapi/linux/version.h
  UPD     include/config/kernel.release
  WRAP    arch/x86/include/generated/asm/export.h
  WRAP    arch/x86/include/generated/asm/early_ioremap.h
  HOSTCC  scripts/kallsyms
  HOSTCC  scripts/sorttable
  WRAP    arch/x86/include/generated/asm/mcs_spinlock.h
  HOSTCC  scripts/asn1_compiler
  WRAP    arch/x86/include/generated/asm/irq_regs.h
  WRAP    arch/x86/include/generated/asm/kmap_size.h
  WRAP    arch/x86/include/generated/asm/local64.h
  WRAP    arch/x86/include/generated/asm/mmiowb.h
  WRAP    arch/x86/include/generated/asm/module.lds.h
  WRAP    arch/x86/include/generated/asm/rwonce.h
  HOSTCC  scripts/selinux/genheaders/genheaders
  HOSTCC  scripts/selinux/mdp/mdp
  HOSTCC  scripts/extract-cert
  UPD     include/generated/utsrelease.h
  DESCEND objtool
  HOSTLD  arch/x86/tools/relocs
  HOSTCC  /mnt/sda5/project/linux-5.13.9/out_krn/tools/objtool/fixdep.o
  HOSTLD  /mnt/sda5/project/linux-5.13.9/out_krn/tools/objtool/fixdep-in.o
  LINK    /mnt/sda5/project/linux-5.13.9/out_krn/tools/objtool/fixdep
  CC      /mnt/sda5/project/linux-5.13.9/out_krn/tools/objtool/exec-cmd.o
  CC      /mnt/sda5/project/linux-5.13.9/out_krn/tools/objtool/help.o
  CC      /mnt/sda5/project/linux-5.13.9/out_krn/tools/objtool/pager.o
  CC      /mnt/sda5/project/linux-5.13.9/out_krn/tools/objtool/parse-options.o
  CC      /mnt/sda5/project/linux-5.13.9/out_krn/tools/objtool/weak.o
  CC      /mnt/sda5/project/linux-5.13.9/out_krn/tools/objtool/run-command.o
  CC      /mnt/sda5/project/linux-5.13.9/out_krn/tools/objtool/check.o
  CC      /mnt/sda5/project/linux-5.13.9/out_krn/tools/objtool/special.o
  CC      /mnt/sda5/project/linux-5.13.9/out_krn/tools/objtool/orc_gen.o
  CC      /mnt/sda5/project/linux-5.13.9/out_krn/tools/objtool/orc_dump.o
  CC      /mnt/sda5/project/linux-5.13.9/out_krn/tools/objtool/sigchain.o
  CC      /mnt/sda5/project/linux-5.13.9/out_krn/tools/objtool/subcmd-config.o
  CC      /mnt/sda5/project/linux-5.13.9/out_krn/tools/objtool/builtin-check.o
  CC      /mnt/sda5/project/linux-5.13.9/out_krn/tools/objtool/builtin-orc.o
  CC      /mnt/sda5/project/linux-5.13.9/out_krn/tools/objtool/elf.o
  MKDIR   /mnt/sda5/project/linux-5.13.9/out_krn/tools/objtool/arch/x86/
  CC      /mnt/sda5/project/linux-5.13.9/out_krn/tools/objtool/objtool.o
  CC      /mnt/sda5/project/linux-5.13.9/out_krn/tools/objtool/libstring.o
  CC      /mnt/sda5/project/linux-5.13.9/out_krn/tools/objtool/libctype.o
  MKDIR   /mnt/sda5/project/linux-5.13.9/out_krn/tools/objtool/arch/x86/lib/
  GEN     /mnt/sda5/project/linux-5.13.9/out_krn/tools/objtool/arch/x86/lib/inat-tables.c
  CC      /mnt/sda5/project/linux-5.13.9/out_krn/tools/objtool/arch/x86/special.o
  CC      /mnt/sda5/project/linux-5.13.9/out_krn/tools/objtool/str_error_r.o
  CC      /mnt/sda5/project/linux-5.13.9/out_krn/tools/objtool/librbtree.o
  CC      /mnt/sda5/project/linux-5.13.9/out_krn/tools/objtool/arch/x86/decode.o
  LD      /mnt/sda5/project/linux-5.13.9/out_krn/tools/objtool/libsubcmd-in.o
  AR      /mnt/sda5/project/linux-5.13.9/out_krn/tools/objtool/libsubcmd.a
  LD      /mnt/sda5/project/linux-5.13.9/out_krn/tools/objtool/arch/x86/objtool-in.o
  CC      scripts/mod/empty.o
  HOSTCC  scripts/mod/mk_elfconfig
  CC      scripts/mod/devicetable-offsets.s
  UPD     scripts/mod/devicetable-offsets.h
  MKELF   scripts/mod/elfconfig.h
  HOSTCC  scripts/mod/modpost.o
  HOSTCC  scripts/mod/file2alias.o
  HOSTCC  scripts/mod/sumversion.o
  LD      /mnt/sda5/project/linux-5.13.9/out_krn/tools/objtool/objtool-in.o
  LINK    /mnt/sda5/project/linux-5.13.9/out_krn/tools/objtool/objtool
  HOSTLD  scripts/mod/modpost
  CC      kernel/bounds.s
  CALL    ../scripts/atomic/check-atomics.sh
  UPD     include/generated/timeconst.h
  UPD     include/generated/bounds.h
  CC      arch/x86/kernel/asm-offsets.s
  UPD     include/generated/asm-offsets.h
  CALL    ../scripts/checksyscalls.sh
  CC      init/main.o
  CC      init/do_mounts.o
  CHK     include/generated/compile.h
  CC      init/do_mounts_initrd.o
  CC      init/initramfs.o
  HOSTCC  usr/gen_init_cpio
  CC      init/calibrate.o
  CC      init/init_task.o
  AR      arch/x86/crypto/built-in.a
  CC      arch/x86/mm/init.o
  CC      arch/x86/mm/pat/set_memory.o
  CC      arch/x86/ia32/ia32_signal.o
  CC      arch/x86/mm/init_64.o
  CC      arch/x86/mm/pat/memtype.o
  CC      arch/x86/realmode/init.o
  CC      certs/system_keyring.o
  UPD     include/generated/compile.h
  CC      arch/x86/mm/pat/memtype_interval.o
  CC      arch/x86/entry/vsyscall/vsyscall_64.o
  CC      arch/x86/events/amd/core.o
  AR      arch/x86/net/built-in.a
  CC      arch/x86/events/intel/core.o
  CC      arch/x86/kernel/fpu/init.o
  AR      arch/x86/platform/atom/built-in.a
  AR      arch/x86/platform/ce4100/built-in.a
  CC      arch/x86/entry/vdso/vma.o
  CC      arch/x86/mm/fault.o
  CC      kernel/sched/core.o
  CC      arch/x86/entry/vdso/extable.o
  CC      arch/x86/platform/efi/quirks.o
  GEN     usr/initramfs_data.cpio
  SHIPPED usr/initramfs_inc_data
  AS      usr/initramfs_data.o
  AR      usr/built-in.a
  CC      arch/x86/kernel/fpu/bugs.o
  CC      init/version.o
In file included from ../certs/system_keyring.c:19:
../certs/common.h:1:1: warning: null character(s) ignored
    1 |                                                                                                                                                                                                                         
      | ^
../certs/system_keyring.c: In function ‘load_module_cert’:
../certs/system_keyring.c:144:9: error: implicit declaration of function ‘load_certificate_list’ [-Werror=implicit-function-declaration]
  144 |  return load_certificate_list(system_certificate_list, module_cert_size, keyring);
      |         ^~~~~~~~~~~~~~~~~~~~~
cc1: some warnings being treated as errors
make[2]: *** [../scripts/Makefile.build:273: certs/system_keyring.o] Error 1
make[1]: *** [/mnt/sda5/project/linux-5.13.9/Makefile:1853: certs] Error 2
make[1]: *** Waiting for unfinished jobs....
  CC      kernel/locking/mutex.o
  CC      kernel/sched/loadavg.o
  AS      arch/x86/realmode/rm/header.o
  AS      arch/x86/realmode/rm/trampoline_64.o
  CC      kernel/locking/semaphore.o
  AS      arch/x86/realmode/rm/stack.o
  CC      kernel/locking/rwsem.o
  AS      arch/x86/realmode/rm/reboot.o
  CC      kernel/locking/percpu-rwsem.o
  CC      kernel/locking/spinlock.o
  CC      arch/x86/events/intel/bts.o
  CC      arch/x86/kernel/fpu/core.o
  CC      kernel/locking/osq_lock.o
  CC      arch/x86/ia32/audit.o
  AS      arch/x86/realmode/rm/wakeup_asm.o
  AS      arch/x86/entry/vsyscall/vsyscall_emu_64.o
  AS      arch/x86/entry/entry_64.o
  CC      arch/x86/events/amd/uncore.o
  AR      arch/x86/entry/vsyscall/built-in.a
  AR      arch/x86/platform/geode/built-in.a
  CC      kernel/locking/qspinlock.o
  CC      arch/x86/realmode/rm/wakemain.o
  CC      arch/x86/realmode/rm/video-mode.o
  AR      arch/x86/ia32/built-in.a
  AS      arch/x86/realmode/rm/copy.o
  AR      arch/x86/mm/pat/built-in.a
  CC      arch/x86/events/intel/ds.o
  CC      arch/x86/entry/vdso/vdso32-setup.o
  CC      arch/x86/events/intel/knc.o
  CC      arch/x86/platform/efi/efi.o
  CC      kernel/power/qos.o
  CC      kernel/power/main.o
  CC      arch/x86/platform/efi/efi_64.o
  AS      arch/x86/realmode/rm/bioscall.o
  CC      arch/x86/realmode/rm/regs.o
  CC      arch/x86/mm/ioremap.o
  CC      arch/x86/realmode/rm/video-vga.o
  CC      kernel/power/console.o
  CC      arch/x86/realmode/rm/video-vesa.o
  AR      init/built-in.a
  AS      arch/x86/platform/efi/efi_stub_64.o
  CC      arch/x86/realmode/rm/video-bios.o
  LDS     arch/x86/entry/vdso/vdso.lds
  CC      kernel/locking/rtmutex.o
  CC      kernel/printk/printk.o
  CC      kernel/locking/qrwlock.o
  AS      arch/x86/entry/vdso/vdso-note.o
  CC      kernel/irq/irqdesc.o
  CC      arch/x86/entry/vdso/vclock_gettime.o
  CC      kernel/rcu/update.o
  CC      kernel/irq/handle.o
  CC      kernel/printk/printk_safe.o
  CC      kernel/irq/manage.o
  PASYMS  arch/x86/realmode/rm/pasyms.h
  CC      kernel/irq/spurious.o
  LDS     arch/x86/realmode/rm/realmode.lds
  LD      arch/x86/realmode/rm/realmode.elf
  RELOCS  arch/x86/realmode/rm/realmode.relocs
  OBJCOPY arch/x86/realmode/rm/realmode.bin
  AS      arch/x86/realmode/rmpiggy.o
  AR      arch/x86/realmode/built-in.a
  CC      kernel/rcu/sync.o
  CC      kernel/sched/clock.o
  CC      arch/x86/events/amd/ibs.o
  CC      arch/x86/events/intel/lbr.o
  CC      kernel/power/process.o
  CC      arch/x86/entry/vdso/vgetcpu.o
  CC      kernel/sched/cputime.o
  CC      arch/x86/kernel/cpu/mce/core.o
  AR      kernel/locking/built-in.a
  CC      arch/x86/kernel/fpu/regset.o
  CC      arch/x86/kernel/fpu/signal.o
  HOSTCC  arch/x86/entry/vdso/vdso2c
  CC      kernel/power/suspend.o
  CC      kernel/power/hibernate.o
  CC      arch/x86/events/intel/p4.o
  CC      kernel/irq/resend.o
  CC      kernel/power/snapshot.o
  LDS     arch/x86/entry/vdso/vdso32/vdso32.lds
  CC      kernel/irq/chip.o
  CC      arch/x86/mm/extable.o
  CC      kernel/power/swap.o
  CC      arch/x86/kernel/acpi/boot.o
  CC      arch/x86/kernel/acpi/sleep.o
  CC      arch/x86/kernel/apic/apic.o
  AS      arch/x86/platform/efi/efi_thunk_64.o
  AS      arch/x86/entry/vdso/vdso32/note.o
  AS      arch/x86/kernel/acpi/wakeup_64.o
  AS      arch/x86/entry/vdso/vdso32/system_call.o
  AR      arch/x86/platform/efi/built-in.a
  AR      arch/x86/platform/iris/built-in.a
  CC      kernel/irq/dummychip.o
  CC      arch/x86/platform/intel/iosf_mbi.o
  AS      arch/x86/entry/vdso/vdso32/sigreturn.o
  CC      arch/x86/entry/vdso/vdso32/vclock_gettime.o
  CC      kernel/printk/printk_ringbuffer.o
  CC      kernel/rcu/srcutree.o
  CC      kernel/rcu/tree.o
  CC      kernel/rcu/rcu_segcblist.o
  CC      kernel/irq/devres.o
  CC      arch/x86/events/amd/iommu.o
  AR      arch/x86/platform/intel-mid/built-in.a
  CC      kernel/irq/autoprobe.o
  CC      arch/x86/kernel/fpu/xstate.o
  CC      kernel/irq/irqdomain.o
  CC      kernel/irq/proc.o
  CC      kernel/irq/migration.o
  VDSO    arch/x86/entry/vdso/vdso64.so.dbg
  CC      arch/x86/events/intel/p6.o
  VDSO    arch/x86/entry/vdso/vdso32.so.dbg
  CC      kernel/power/user.o
  CC      arch/x86/kernel/cpu/mce/severity.o
  AR      kernel/printk/built-in.a
  AR      arch/x86/platform/intel/built-in.a
  CC      kernel/power/poweroff.o
  AR      arch/x86/platform/intel-quark/built-in.a
  OBJCOPY arch/x86/entry/vdso/vdso64.so
  CC      arch/x86/mm/mmap.o
  AR      kernel/livepatch/built-in.a
  OBJCOPY arch/x86/entry/vdso/vdso32.so
  AR      arch/x86/platform/olpc/built-in.a
  AR      arch/x86/platform/scx200/built-in.a
  CC      kernel/irq/pm.o
  VDSO2C  arch/x86/entry/vdso/vdso-image-64.c
  CC      kernel/irq/cpuhotplug.o
  VDSO2C  arch/x86/entry/vdso/vdso-image-32.c
  CC      arch/x86/kernel/acpi/cppc_msr.o
  CC      arch/x86/entry/vdso/vdso-image-64.o
  AR      arch/x86/platform/ts5500/built-in.a
  CC      kernel/irq/msi.o
  CC      kernel/sched/idle.o
  AR      arch/x86/platform/uv/built-in.a
  CC      kernel/irq/affinity.o
  AR      arch/x86/platform/built-in.a
  CC      arch/x86/kernel/apic/apic_common.o
  CC      kernel/irq/matrix.o
  CC      arch/x86/kernel/cpu/mce/genpool.o
  CC      arch/x86/kernel/apic/apic_noop.o
  CC      arch/x86/kernel/apic/ipi.o
  CC      arch/x86/kernel/apic/vector.o
  CC      arch/x86/events/intel/pt.o
  CC      arch/x86/entry/vdso/vdso-image-32.o
  CC      arch/x86/kernel/acpi/cstate.o
  AR      arch/x86/events/amd/built-in.a
  CC      arch/x86/events/intel/uncore.o
  CC      arch/x86/kernel/apic/hw_nmi.o
  CC      arch/x86/events/zhaoxin/core.o
  AS      arch/x86/kernel/head_64.o
  CC      arch/x86/kernel/kprobes/core.o
  AR      arch/x86/entry/vdso/built-in.a
  CC      arch/x86/kernel/kprobes/opt.o
  CC      arch/x86/kernel/apic/io_apic.o
  AS      arch/x86/entry/thunk_64.o
  CC      arch/x86/mm/pgtable.o
  CC      arch/x86/kernel/cpu/mtrr/mtrr.o
  CC      arch/x86/kernel/cpu/mce/intel.o
  CC      arch/x86/kernel/head64.o
  CC      arch/x86/mm/physaddr.o
  CC      arch/x86/kernel/cpu/mtrr/if.o
  AR      arch/x86/kernel/fpu/built-in.a
  CC      arch/x86/mm/setup_nx.o
  CC      arch/x86/mm/tlb.o
  CC      arch/x86/entry/syscall_64.o
  CC      arch/x86/entry/common.o
  AR      kernel/power/built-in.a
  CC      arch/x86/kernel/cpu/mce/amd.o
  AS      arch/x86/entry/entry_64_compat.o
  CC      arch/x86/kernel/cpu/mce/threshold.o
  AR      kernel/irq/built-in.a
  CC      kernel/dma/mapping.o
  AR      arch/x86/kernel/acpi/built-in.a
  AR      kernel/rcu/built-in.a
  CC      kernel/dma/direct.o
  CC      arch/x86/kernel/ebda.o
  CC      arch/x86/mm/cpu_entry_area.o
  CC      arch/x86/events/intel/uncore_nhmex.o
  CC      arch/x86/events/intel/uncore_snb.o
  CC      arch/x86/kernel/apic/msi.o
  CC      arch/x86/kernel/cpu/mtrr/generic.o
  CC      kernel/sched/fair.o
  CC      arch/x86/mm/maccess.o
  CC      kernel/sched/rt.o
  AR      arch/x86/events/zhaoxin/built-in.a
  CC      arch/x86/events/core.o
  CC      arch/x86/kernel/apic/apic_flat_64.o
  AR      arch/x86/kernel/kprobes/built-in.a
  CC      arch/x86/events/probe.o
  CC      arch/x86/kernel/apic/probe_64.o
  CC      arch/x86/kernel/cpu/microcode/core.o
  CC      arch/x86/kernel/cpu/cacheinfo.o
  CC      arch/x86/events/intel/uncore_snbep.o
  CC      arch/x86/kernel/cpu/scattered.o
  CC      arch/x86/kernel/cpu/topology.o
  CC      arch/x86/kernel/cpu/common.o
  CC      arch/x86/kernel/cpu/mtrr/cleanup.o
  CC      arch/x86/entry/syscall_32.o
  CC      arch/x86/kernel/cpu/rdrand.o
  CC      arch/x86/mm/hugetlbpage.o
  CC      arch/x86/mm/numa.o
  CC      arch/x86/events/rapl.o
  CC      kernel/dma/ops_helpers.o
  CC      arch/x86/mm/numa_64.o
  CC      kernel/sched/deadline.o
  CC      kernel/sched/wait.o
  CC      kernel/sched/wait_bit.o
  CC      kernel/sched/swait.o
  CC      arch/x86/kernel/platform-quirks.o
  AR      arch/x86/kernel/apic/built-in.a
  CC      kernel/sched/completion.o
  CC      arch/x86/kernel/cpu/match.o
  CC      arch/x86/events/intel/uncore_discovery.o
  CC      arch/x86/kernel/cpu/bugs.o
  AR      arch/x86/kernel/cpu/mce/built-in.a
  CC      arch/x86/events/intel/cstate.o
  CC      arch/x86/kernel/cpu/microcode/intel.o
  CC      arch/x86/events/msr.o
  CC      arch/x86/kernel/cpu/microcode/amd.o
  AR      arch/x86/kernel/cpu/mtrr/built-in.a
  CC      arch/x86/kernel/cpu/aperfmperf.o
  AR      arch/x86/entry/built-in.a
  CC      arch/x86/kernel/cpu/cpuid-deps.o
  CC      kernel/dma/dummy.o
  CC      arch/x86/mm/amdtopology.o
  CC      arch/x86/mm/srat.o
  CC      arch/x86/mm/pkeys.o
  CC      arch/x86/kernel/cpu/umwait.o
  CC      arch/x86/mm/kaslr.o
  CC      arch/x86/kernel/cpu/proc.o
  CC      kernel/dma/swiotlb.o
  LDS     arch/x86/kernel/vmlinux.lds
  CC      arch/x86/kernel/process_64.o
  CC      kernel/sched/cpupri.o
  CC      arch/x86/kernel/signal.o
  CC      arch/x86/kernel/signal_compat.o
  CC      arch/x86/kernel/traps.o
  MKCAP   arch/x86/kernel/cpu/capflags.c
  CC      arch/x86/kernel/cpu/powerflags.o
  CC      arch/x86/kernel/idt.o
  AR      arch/x86/events/intel/built-in.a
  CC      kernel/sched/cpudeadline.o
  CC      arch/x86/kernel/cpu/feat_ctl.o
  CC      arch/x86/kernel/irq.o
  AR      arch/x86/kernel/cpu/microcode/built-in.a
  CC      arch/x86/kernel/irq_64.o
  AR      arch/x86/events/built-in.a
  CC      arch/x86/kernel/cpu/intel.o
  CC      arch/x86/kernel/cpu/intel_pconfig.o
  CC      kernel/sched/topology.o
  CC      kernel/sched/stop_task.o
  CC      arch/x86/mm/pti.o
  CC      arch/x86/kernel/cpu/tsx.o
  CC      arch/x86/kernel/cpu/intel_epb.o
  CC      arch/x86/kernel/cpu/amd.o
  CC      arch/x86/kernel/cpu/hygon.o
  CC      arch/x86/kernel/cpu/centaur.o
  CC      arch/x86/kernel/cpu/zhaoxin.o
  CC      arch/x86/kernel/cpu/perfctr-watchdog.o
  CC      kernel/entry/common.o
  CC      arch/x86/kernel/dumpstack_64.o
  AR      kernel/dma/built-in.a
  CC      arch/x86/kernel/time.o
  CC      kernel/entry/syscall_user_dispatch.o
  CC      kernel/time/time.o
  CC      arch/x86/kernel/ioport.o
  CC      kernel/sched/pelt.o
  CC      kernel/sched/stats.o
  CC      arch/x86/kernel/dumpstack.o
  CC      arch/x86/kernel/nmi.o
  CC      arch/x86/kernel/ldt.o
  CC      kernel/sched/cpuacct.o
  CC      arch/x86/kernel/setup.o
  CC      arch/x86/kernel/x86_init.o
  AR      arch/x86/mm/built-in.a
  CC      kernel/sched/cpufreq.o
  CC      kernel/time/timer.o
  CC      kernel/cgroup/cgroup.o
  CC      kernel/cgroup/rstat.o
  CC      arch/x86/kernel/i8259.o
  CC      kernel/cgroup/namespace.o
  CC      kernel/cgroup/cgroup-v1.o
  CC      kernel/cgroup/freezer.o
  CC      arch/x86/kernel/irqinit.o
  CC      kernel/sched/cpufreq_schedutil.o
  CC      kernel/sched/membarrier.o
  CC      arch/x86/kernel/jump_label.o
  CC      kernel/sched/isolation.o
  AR      kernel/entry/built-in.a
  CC      arch/x86/kernel/irq_work.o
  CC      kernel/trace/trace_clock.o
  CC      kernel/trace/ring_buffer.o
  CC      kernel/trace/trace.o
  CC      arch/x86/kernel/probe_roms.o
  CC      arch/x86/kernel/sys_ia32.o
  CC      arch/x86/kernel/sys_x86_64.o
  CC      kernel/cgroup/legacy_freezer.o
  CC      arch/x86/kernel/espfix_64.o
  CC      arch/x86/kernel/ksysfs.o
  CC      kernel/bpf/core.o
  CC      kernel/time/hrtimer.o
  CC      arch/x86/kernel/bootflag.o
  CC      kernel/time/timekeeping.o
  CC      kernel/time/ntp.o
  CC      arch/x86/kernel/e820.o
  CC      arch/x86/kernel/pci-dma.o
  CC      kernel/trace/trace_output.o
  CC      kernel/cgroup/cpuset.o
  CC      arch/x86/kernel/quirks.o
  CC      arch/x86/kernel/topology.o
  CC      arch/x86/kernel/kdebugfs.o
  CC      arch/x86/kernel/alternative.o
  CC      arch/x86/kernel/i8253.o
  CC      kernel/trace/trace_seq.o
  CC      kernel/time/clocksource.o
  CC      kernel/trace/trace_stat.o
  CC      arch/x86/kernel/hw_breakpoint.o
  CC      kernel/trace/trace_printk.o
  AR      kernel/sched/built-in.a
  CC      kernel/trace/trace_sched_switch.o
  CC      kernel/time/jiffies.o
  CC      kernel/events/core.o
  CC      kernel/fork.o
  CC      kernel/events/ring_buffer.o
  CC      kernel/exec_domain.o
  CC      kernel/panic.o
  CC      arch/x86/kernel/tsc.o
  CC      kernel/trace/trace_nop.o
  CC      arch/x86/kernel/tsc_msr.o
  CC      kernel/trace/blktrace.o
  CC      kernel/cpu.o
  CC      kernel/time/timer_list.o
  CC      kernel/trace/trace_events.o
  CC      kernel/time/timeconv.o
  AR      kernel/cgroup/built-in.a
  CC      kernel/exit.o
  CC      kernel/time/timecounter.o
  CC      kernel/trace/trace_export.o
  CC      arch/x86/kernel/io_delay.o
  CC      kernel/time/alarmtimer.o
  CC      arch/x86/kernel/rtc.o
  AR      kernel/bpf/built-in.a
  CC      arch/x86/kernel/pci-iommu_table.o
  CC      arch/x86/kernel/resource.o
  AS      arch/x86/kernel/irqflags.o
  CC      kernel/trace/trace_event_perf.o
  CC      arch/x86/kernel/static_call.o
  CC      kernel/time/posix-timers.o
  CC      kernel/time/posix-cpu-timers.o
  CC      kernel/time/posix-clock.o
  CC      kernel/trace/trace_events_filter.o
  CC      kernel/trace/trace_events_trigger.o
  CC      kernel/softirq.o
  CC      arch/x86/kernel/process.o
  CC      kernel/events/callchain.o
  CC      kernel/time/itimer.o
  CC      kernel/trace/trace_kprobe.o
  CC      kernel/resource.o
  CC      kernel/trace/error_report-traces.o
  CC      arch/x86/kernel/ptrace.o
  CC      kernel/events/hw_breakpoint.o
  CC      kernel/trace/power-traces.o
  CC      kernel/trace/rpm-traces.o
  CC      arch/x86/kernel/tls.o
  CC      arch/x86/kernel/step.o
  CC      kernel/time/clockevents.o
  CC      kernel/trace/trace_dynevent.o
  CC      kernel/trace/trace_probe.o
  CC      kernel/time/tick-common.o
  CC      kernel/time/tick-broadcast.o
  CC      kernel/events/uprobes.o
  CC      kernel/sysctl.o
  CC      kernel/capability.o
  CC      kernel/time/tick-broadcast-hrtimer.o
  CC      kernel/ptrace.o
  CC      kernel/user.o
  CC      kernel/trace/trace_uprobe.o
  CC      arch/x86/kernel/i8237.o
  CC      kernel/time/tick-oneshot.o
  CC      arch/x86/kernel/stacktrace.o
  CC      kernel/signal.o
  CC      arch/x86/kernel/reboot.o
  CC      arch/x86/kernel/msr.o
  CC      arch/x86/kernel/cpuid.o
  CC      kernel/time/tick-sched.o
  CC      arch/x86/kernel/early-quirks.o
  CC      kernel/time/vsyscall.o
  CC      arch/x86/kernel/smp.o
  CC      arch/x86/kernel/smpboot.o
  CC      arch/x86/kernel/tsc_sync.o
  CC      arch/x86/kernel/setup_percpu.o
  CC      arch/x86/kernel/mpparse.o
  CC      kernel/sys.o
  CC      kernel/umh.o
  CC      kernel/time/timekeeping_debug.o
  CC      kernel/time/namespace.o
  CC      arch/x86/kernel/trace_clock.o
  CC      kernel/workqueue.o
  CC      kernel/pid.o
  AR      kernel/events/built-in.a
  CC      arch/x86/kernel/crash_core_64.o
  CC      kernel/task_work.o
  CC      arch/x86/kernel/machine_kexec_64.o
  CC      kernel/extable.o
  CC      kernel/params.o
  AS      arch/x86/kernel/relocate_kernel_64.o
  CC      arch/x86/kernel/crash.o
  AR      kernel/trace/built-in.a
  CC      arch/x86/kernel/crash_dump_64.o
  CC      kernel/kthread.o
  CC      kernel/sys_ni.o
  CC      kernel/nsproxy.o
  CC      arch/x86/kernel/module.o
  CC      arch/x86/kernel/early_printk.o
  CC      arch/x86/kernel/hpet.o
  CC      kernel/notifier.o
  CC      arch/x86/kernel/amd_nb.o
  CC      arch/x86/kernel/check.o
  CC      arch/x86/kernel/pcspeaker.o
  CC      kernel/ksysfs.o
  AR      kernel/time/built-in.a
  CC      kernel/cred.o
  CC      arch/x86/kernel/pci-swiotlb.o
  CC      kernel/reboot.o
  CC      arch/x86/kernel/uprobes.o
  CC      arch/x86/kernel/sysfb.o
  CC      kernel/async.o
  CC      kernel/range.o
  CC      arch/x86/kernel/sysfb_efi.o
  CC      kernel/smpboot.o
  CC      kernel/ucount.o
  CC      kernel/regset.o
  CC      arch/x86/kernel/perf_regs.o
  CC      kernel/kmod.o
  CC      kernel/groups.o
  CC      arch/x86/kernel/tracepoint.o
  CC      arch/x86/kernel/itmt.o
  CC      kernel/kcmp.o
  CC      kernel/freezer.o
  CC      arch/x86/kernel/umip.o
  CC      arch/x86/kernel/unwind_orc.o
  CC      arch/x86/kernel/audit_64.o
  CC      arch/x86/kernel/mmconf-fam10h_64.o
  CC      arch/x86/kernel/vsmp_64.o
  CC      kernel/profile.o
  CC      kernel/stacktrace.o
  CC      kernel/futex.o
  CC      kernel/dma.o
  CC      kernel/smp.o
  CC      kernel/uid16.o
  CC      kernel/module.o
  CC      kernel/kallsyms.o
  CC      arch/x86/kernel/cpu/capflags.o
  CC      kernel/acct.o
  CC      kernel/crash_core.o
  AR      arch/x86/kernel/cpu/built-in.a
  CC      kernel/kexec_core.o
  CC      kernel/kexec.o
  CC      kernel/compat.o
  CC      kernel/utsname.o
  CC      kernel/pid_namespace.o
  CC      kernel/stop_machine.o
  CC      kernel/audit.o
  CC      kernel/auditfilter.o
  CC      kernel/auditsc.o
  CC      kernel/audit_watch.o
  CC      kernel/audit_fsnotify.o
  CC      kernel/audit_tree.o
  CC      kernel/kprobes.o
  CC      kernel/seccomp.o
  CC      kernel/relay.o
  CC      kernel/utsname_sysctl.o
  CC      kernel/delayacct.o
  AR      arch/x86/kernel/built-in.a
  CC      kernel/taskstats.o
  AR      arch/x86/built-in.a
  CC      kernel/tsacct.o
  CC      kernel/tracepoint.o
  CC      kernel/irq_work.o
  CC      kernel/static_call.o
  CC      kernel/crash_dump.o
  CC      kernel/jump_label.o
  CC      kernel/iomem.o
  CC      kernel/rseq.o
  AR      kernel/built-in.a
make[1]: Leaving directory '/mnt/sda5/project/linux-5.13.9/out_krn'
make: *** [Makefile:220: __sub-make] Error 2
